10/29/2023 03:09:36 PM:INFO:FirePredictLogger:Index initialization successfull
10/29/2023 03:09:41 PM:INFO:FirePredictLogger:Single classification initialization successfull
10/29/2023 03:09:41 PM:INFO:FirePredictLogger:Single classification initialization successfull
10/29/2023 03:10:18 PM:INFO:FirePredictLogger:Single classification prediction initialization successfull
10/29/2023 03:10:18 PM:INFO:FirePredictLogger:Single classification prediction initialization successfull
10/29/2023 03:10:18 PM:INFO:FirePredictLogger:Single classification prediction initialization successfull
10/29/2023 03:10:18 PM:INFO:FirePredictLogger:Predication for Sclassi_prediction successfull with value
10/29/2023 03:10:18 PM:INFO:FirePredictLogger:Predication for Sclassi_prediction successfull with value
10/29/2023 03:10:18 PM:INFO:FirePredictLogger:Predication for Sclassi_prediction successfull with value
10/29/2023 03:15:41 PM:INFO:FirePredictLogger:Single classification prediction initialization successfull
10/29/2023 03:15:41 PM:INFO:FirePredictLogger:Predication for Sclassi_prediction successfull with value
10/29/2023 03:16:11 PM:INFO:FirePredictLogger:Single classification prediction initialization successfull
10/29/2023 03:16:11 PM:INFO:FirePredictLogger:Single classification prediction initialization successfull
10/29/2023 03:16:11 PM:INFO:FirePredictLogger:Predication for Sclassi_prediction successfull with value
10/29/2023 03:16:11 PM:INFO:FirePredictLogger:Predication for Sclassi_prediction successfull with value
10/29/2023 04:41:56 PM:INFO:FirePredictLogger:Single classification prediction initialization successfull
10/29/2023 04:41:57 PM:INFO:FirePredictLogger:Predication for Sclassi_prediction successfull with value
10/29/2023 04:42:03 PM:INFO:FirePredictLogger:Classification Batch prediction upload initialization successfull
10/29/2023 04:42:03 PM:INFO:FirePredictLogger:Classification Batch prediction upload initialization successfull
10/29/2023 04:42:13 PM:INFO:FirePredictLogger:Classification Batch prediction upload initialization successfull
10/29/2023 04:42:13 PM:INFO:FirePredictLogger:Classification Batch prediction upload initialization successfull
10/29/2023 04:42:13 PM:INFO:FirePredictLogger:Classification Batch prediction upload initialization successfull
10/29/2023 04:42:13 PM:INFO:FirePredictLogger:Prediction for uploadC-batch classification successfull with value
10/29/2023 04:42:13 PM:INFO:FirePredictLogger:Prediction for uploadC-batch classification successfull with value
10/29/2023 04:42:13 PM:INFO:FirePredictLogger:Prediction for uploadC-batch classification successfull with value
10/29/2023 04:44:24 PM:INFO:FirePredictLogger:Classification Batch prediction upload initialization successfull
10/29/2023 04:44:24 PM:INFO:FirePredictLogger:Classification Batch prediction upload initialization successfull
10/29/2023 04:44:24 PM:INFO:FirePredictLogger:Classification Batch prediction upload initialization successfull
10/29/2023 04:44:24 PM:INFO:FirePredictLogger:Classification Batch prediction upload initialization successfull
10/29/2023 04:44:26 PM:INFO:FirePredictLogger:Index initialization successfull
10/29/2023 04:44:26 PM:INFO:FirePredictLogger:Index initialization successfull
10/29/2023 04:44:26 PM:INFO:FirePredictLogger:Index initialization successfull
10/29/2023 04:44:26 PM:INFO:FirePredictLogger:Index initialization successfull
10/29/2023 04:44:26 PM:INFO:FirePredictLogger:Index initialization successfull
10/29/2023 11:09:50 PM:INFO:FirePredictLogger:Index initialization successfull
10/29/2023 11:09:58 PM:INFO:FirePredictLogger:Single classification initialization successfull
10/29/2023 11:09:58 PM:INFO:FirePredictLogger:Single classification initialization successfull
10/29/2023 11:10:04 PM:INFO:FirePredictLogger:Classification Batch prediction upload initialization successfull
10/29/2023 11:10:04 PM:INFO:FirePredictLogger:Classification Batch prediction upload initialization successfull
10/29/2023 11:10:04 PM:INFO:FirePredictLogger:Classification Batch prediction upload initialization successfull
10/29/2023 11:10:11 PM:INFO:FirePredictLogger:Single regression initialization successfull
10/29/2023 11:10:11 PM:INFO:FirePredictLogger:Single regression initialization successfull
10/29/2023 11:10:11 PM:INFO:FirePredictLogger:Single regression initialization successfull
10/29/2023 11:10:11 PM:INFO:FirePredictLogger:Single regression initialization successfull
10/29/2023 11:10:15 PM:INFO:FirePredictLogger:Regression Batch prediction upload initialization successfull
10/29/2023 11:10:15 PM:INFO:FirePredictLogger:Regression Batch prediction upload initialization successfull
10/29/2023 11:10:15 PM:INFO:FirePredictLogger:Regression Batch prediction upload initialization successfull
10/29/2023 11:10:15 PM:INFO:FirePredictLogger:Regression Batch prediction upload initialization successfull
10/29/2023 11:10:15 PM:INFO:FirePredictLogger:Regression Batch prediction upload initialization successfull
10/29/2023 11:10:29 PM:INFO:FirePredictLogger:Classification Batch prediction upload initialization successfull
10/29/2023 11:10:29 PM:INFO:FirePredictLogger:Classification Batch prediction upload initialization successfull
10/29/2023 11:10:29 PM:INFO:FirePredictLogger:Classification Batch prediction upload initialization successfull
10/29/2023 11:10:29 PM:INFO:FirePredictLogger:Classification Batch prediction upload initialization successfull
10/29/2023 11:10:29 PM:INFO:FirePredictLogger:Classification Batch prediction upload initialization successfull
10/29/2023 11:10:29 PM:INFO:FirePredictLogger:Classification Batch prediction upload initialization successfull
10/29/2023 11:10:38 PM:INFO:FirePredictLogger:Classification Batch prediction upload initialization successfull
10/29/2023 11:10:38 PM:INFO:FirePredictLogger:Classification Batch prediction upload initialization successfull
10/29/2023 11:10:38 PM:INFO:FirePredictLogger:Classification Batch prediction upload initialization successfull
10/29/2023 11:10:38 PM:INFO:FirePredictLogger:Classification Batch prediction upload initialization successfull
10/29/2023 11:10:38 PM:INFO:FirePredictLogger:Classification Batch prediction upload initialization successfull
10/29/2023 11:10:38 PM:INFO:FirePredictLogger:Classification Batch prediction upload initialization successfull
10/29/2023 11:10:38 PM:INFO:FirePredictLogger:Classification Batch prediction upload initialization successfull
10/29/2023 11:10:38 PM:INFO:FirePredictLogger:Prediction for uploadC-batch classification successfull with value
10/29/2023 11:10:38 PM:INFO:FirePredictLogger:Prediction for uploadC-batch classification successfull with value
10/29/2023 11:10:38 PM:INFO:FirePredictLogger:Prediction for uploadC-batch classification successfull with value
10/29/2023 11:10:38 PM:INFO:FirePredictLogger:Prediction for uploadC-batch classification successfull with value
10/29/2023 11:10:38 PM:INFO:FirePredictLogger:Prediction for uploadC-batch classification successfull with value
10/29/2023 11:10:38 PM:INFO:FirePredictLogger:Prediction for uploadC-batch classification successfull with value
10/29/2023 11:10:38 PM:INFO:FirePredictLogger:Prediction for uploadC-batch classification successfull with value
10/29/2023 11:49:11 PM:INFO:FirePredictLogger:Index initialization successfull
10/29/2023 11:50:35 PM:INFO:FirePredictLogger:Single classification initialization successfull
10/29/2023 11:50:47 PM:INFO:FirePredictLogger:Single classification initialization successfull
10/29/2023 11:50:47 PM:INFO:FirePredictLogger:Single classification initialization successfull
10/29/2023 11:50:53 PM:INFO:FirePredictLogger:Single classification initialization successfull
10/29/2023 11:50:53 PM:INFO:FirePredictLogger:Single classification initialization successfull
10/29/2023 11:50:53 PM:INFO:FirePredictLogger:Single classification initialization successfull
10/29/2023 11:51:19 PM:INFO:FirePredictLogger:Single classification prediction initialization successfull
10/29/2023 11:51:19 PM:INFO:FirePredictLogger:Single classification prediction initialization successfull
10/29/2023 11:51:19 PM:INFO:FirePredictLogger:Single classification prediction initialization successfull
10/29/2023 11:51:19 PM:INFO:FirePredictLogger:Single classification prediction initialization successfull
10/29/2023 11:51:20 PM:INFO:FirePredictLogger:Predication for Sclassi_prediction successfull with value
10/29/2023 11:51:20 PM:INFO:FirePredictLogger:Predication for Sclassi_prediction successfull with value
10/29/2023 11:51:20 PM:INFO:FirePredictLogger:Predication for Sclassi_prediction successfull with value
10/29/2023 11:51:20 PM:INFO:FirePredictLogger:Predication for Sclassi_prediction successfull with value
10/29/2023 11:51:30 PM:INFO:FirePredictLogger:Classification Batch prediction upload initialization successfull
10/29/2023 11:51:30 PM:INFO:FirePredictLogger:Classification Batch prediction upload initialization successfull
10/29/2023 11:51:30 PM:INFO:FirePredictLogger:Classification Batch prediction upload initialization successfull
10/29/2023 11:51:30 PM:INFO:FirePredictLogger:Classification Batch prediction upload initialization successfull
10/29/2023 11:51:30 PM:INFO:FirePredictLogger:Classification Batch prediction upload initialization successfull
10/29/2023 11:51:40 PM:INFO:FirePredictLogger:Classification Batch prediction upload initialization successfull
10/29/2023 11:51:40 PM:INFO:FirePredictLogger:Classification Batch prediction upload initialization successfull
10/29/2023 11:51:40 PM:INFO:FirePredictLogger:Classification Batch prediction upload initialization successfull
10/29/2023 11:51:40 PM:INFO:FirePredictLogger:Classification Batch prediction upload initialization successfull
10/29/2023 11:51:40 PM:INFO:FirePredictLogger:Classification Batch prediction upload initialization successfull
10/29/2023 11:51:40 PM:INFO:FirePredictLogger:Classification Batch prediction upload initialization successfull
10/29/2023 11:51:40 PM:INFO:FirePredictLogger:Prediction for uploadC-batch classification successfull with value
10/29/2023 11:51:40 PM:INFO:FirePredictLogger:Prediction for uploadC-batch classification successfull with value
10/29/2023 11:51:40 PM:INFO:FirePredictLogger:Prediction for uploadC-batch classification successfull with value
10/29/2023 11:51:40 PM:INFO:FirePredictLogger:Prediction for uploadC-batch classification successfull with value
10/29/2023 11:51:40 PM:INFO:FirePredictLogger:Prediction for uploadC-batch classification successfull with value
10/29/2023 11:51:40 PM:INFO:FirePredictLogger:Prediction for uploadC-batch classification successfull with value
10/29/2023 11:51:48 PM:INFO:FirePredictLogger:Classification Batch prediction upload initialization successfull
10/29/2023 11:51:48 PM:INFO:FirePredictLogger:Classification Batch prediction upload initialization successfull
10/29/2023 11:51:48 PM:INFO:FirePredictLogger:Classification Batch prediction upload initialization successfull
10/29/2023 11:51:48 PM:INFO:FirePredictLogger:Classification Batch prediction upload initialization successfull
10/29/2023 11:51:48 PM:INFO:FirePredictLogger:Classification Batch prediction upload initialization successfull
10/29/2023 11:51:48 PM:INFO:FirePredictLogger:Classification Batch prediction upload initialization successfull
10/29/2023 11:51:48 PM:INFO:FirePredictLogger:Classification Batch prediction upload initialization successfull
10/29/2023 11:51:53 PM:INFO:FirePredictLogger:Single regression initialization successfull
10/29/2023 11:51:53 PM:INFO:FirePredictLogger:Single regression initialization successfull
10/29/2023 11:51:53 PM:INFO:FirePredictLogger:Single regression initialization successfull
10/29/2023 11:51:53 PM:INFO:FirePredictLogger:Single regression initialization successfull
10/29/2023 11:51:53 PM:INFO:FirePredictLogger:Single regression initialization successfull
10/29/2023 11:51:53 PM:INFO:FirePredictLogger:Single regression initialization successfull
10/29/2023 11:51:53 PM:INFO:FirePredictLogger:Single regression initialization successfull
10/29/2023 11:51:53 PM:INFO:FirePredictLogger:Single regression initialization successfull
10/29/2023 11:52:51 PM:INFO:FirePredictLogger:Single regression prediction initialization successfull
10/29/2023 11:52:51 PM:INFO:FirePredictLogger:Single regression prediction initialization successfull
10/29/2023 11:52:51 PM:INFO:FirePredictLogger:Single regression prediction initialization successfull
10/29/2023 11:52:51 PM:INFO:FirePredictLogger:Single regression prediction initialization successfull
10/29/2023 11:52:51 PM:INFO:FirePredictLogger:Single regression prediction initialization successfull
10/29/2023 11:52:51 PM:INFO:FirePredictLogger:Single regression prediction initialization successfull
10/29/2023 11:52:51 PM:INFO:FirePredictLogger:Single regression prediction initialization successfull
10/29/2023 11:52:51 PM:INFO:FirePredictLogger:Single regression prediction initialization successfull
10/29/2023 11:52:51 PM:INFO:FirePredictLogger:Single regression prediction initialization successfull
10/29/2023 11:52:52 PM:INFO:FirePredictLogger:Prediction for predict-single regression successfull with value
10/29/2023 11:52:52 PM:INFO:FirePredictLogger:Prediction for predict-single regression successfull with value
10/29/2023 11:52:52 PM:INFO:FirePredictLogger:Prediction for predict-single regression successfull with value
10/29/2023 11:52:52 PM:INFO:FirePredictLogger:Prediction for predict-single regression successfull with value
10/29/2023 11:52:52 PM:INFO:FirePredictLogger:Prediction for predict-single regression successfull with value
10/29/2023 11:52:52 PM:INFO:FirePredictLogger:Prediction for predict-single regression successfull with value
10/29/2023 11:52:52 PM:INFO:FirePredictLogger:Prediction for predict-single regression successfull with value
10/29/2023 11:52:52 PM:INFO:FirePredictLogger:Prediction for predict-single regression successfull with value
10/29/2023 11:52:52 PM:INFO:FirePredictLogger:Prediction for predict-single regression successfull with value
